<?xml version="1.0" encoding="UTF-8"?>
<testng-results ignored="0" total="1" passed="1" failed="0" skipped="0">
  <reporter-output>
    <line>
      <![CDATA[Open Browser]]>
    </line>
    <line>
      <![CDATA[Login]]>
    </line>
    <line>
      <![CDATA[create customer]]>
    </line>
    <line>
      <![CDATA[Logout]]>
    </line>
    <line>
      <![CDATA[Close Browser]]>
    </line>
  </reporter-output>
  <suite started-at="2022-06-22T22:36:46 IST" name="Default suite" finished-at="2022-06-22T22:38:13 IST" duration-ms="87452">
    <groups>
    </groups>
    <test started-at="2022-06-22T22:36:46 IST" name="Default test" finished-at="2022-06-22T22:38:13 IST" duration-ms="87452">
      <class name="com.actitime.testng.in.CreateCustomer">
        <test-method is-config="true" signature="openBrowser()[pri:0, instance:com.actitime.testng.in.CreateCustomer@2f66e802]" started-at="2022-06-22T22:36:46 IST" name="openBrowser" finished-at="2022-06-22T22:37:40 IST" duration-ms="54557" status="PASS">
          <reporter-output>
            <line>
              <![CDATA[Open Browser]]>
            </line>
          </reporter-output>
        </test-method> <!-- openBrowser -->
        <test-method is-config="true" signature="login()[pri:0, instance:com.actitime.testng.in.CreateCustomer@2f66e802]" started-at="2022-06-22T22:37:41 IST" name="login" finished-at="2022-06-22T22:37:41 IST" duration-ms="869" status="PASS">
          <reporter-output>
            <line>
              <![CDATA[Login]]>
            </line>
          </reporter-output>
        </test-method> <!-- login -->
        <test-method signature="createCustomer()[pri:0, instance:com.actitime.testng.in.CreateCustomer@2f66e802]" started-at="2022-06-22T22:37:41 IST" name="createCustomer" finished-at="2022-06-22T22:37:41 IST" duration-ms="17" status="PASS">
          <reporter-output>
            <line>
              <![CDATA[create customer]]>
            </line>
          </reporter-output>
        </test-method> <!-- createCustomer -->
        <test-method is-config="true" signature="logout()[pri:0, instance:com.actitime.testng.in.CreateCustomer@2f66e802]" started-at="2022-06-22T22:37:41 IST" name="logout" finished-at="2022-06-22T22:38:11 IST" duration-ms="29557" status="PASS">
          <reporter-output>
            <line>
              <![CDATA[Logout]]>
            </line>
          </reporter-output>
        </test-method> <!-- logout -->
        <test-method is-config="true" signature="closeBrowser()[pri:0, instance:com.actitime.testng.in.CreateCustomer@2f66e802]" started-at="2022-06-22T22:38:11 IST" name="closeBrowser" finished-at="2022-06-22T22:38:13 IST" duration-ms="2341" status="PASS">
          <reporter-output>
            <line>
              <![CDATA[Close Browser]]>
            </line>
          </reporter-output>
        </test-method> <!-- closeBrowser -->
      </class> <!-- com.actitime.testng.in.CreateCustomer -->
    </test> <!-- Default test -->
  </suite> <!-- Default suite -->
</testng-results>
